c:\users\aerty\onedrive\desktop\reps\sysprog\systemproglabs-master\transportdll\x64\debug\transportdll.pch
c:\users\aerty\onedrive\desktop\reps\sysprog\systemproglabs-master\transportdll\x64\debug\vc143.pdb
c:\users\aerty\onedrive\desktop\reps\sysprog\systemproglabs-master\transportdll\x64\debug\vc143.idb
c:\users\aerty\onedrive\desktop\reps\sysprog\systemproglabs-master\transportdll\x64\debug\pch.obj
c:\users\aerty\onedrive\desktop\reps\sysprog\systemproglabs-master\transportdll\x64\debug\transportdll.obj
c:\users\aerty\onedrive\desktop\reps\sysprog\systemproglabs-master\bin\transportdll.lib
c:\users\aerty\onedrive\desktop\reps\sysprog\systemproglabs-master\bin\transportdll.exp
c:\users\aerty\onedrive\desktop\reps\sysprog\systemproglabs-master\bin\transportdll.dll
c:\users\aerty\onedrive\desktop\reps\sysprog\systemproglabs-master\transportdll\x64\debug\transportdll.ilk
c:\users\aerty\onedrive\desktop\reps\sysprog\systemproglabs-master\bin\transportdll.pdb
c:\users\aerty\onedrive\desktop\reps\sysprog\systemproglabs-master\transportdll\x64\debug\transportdll.res
c:\users\aerty\onedrive\desktop\reps\sysprog\systemproglabs-master\transportdll\x64\debug\transportdll.tlog\cl.command.1.tlog
c:\users\aerty\onedrive\desktop\reps\sysprog\systemproglabs-master\transportdll\x64\debug\transportdll.tlog\cl.items.tlog
c:\users\aerty\onedrive\desktop\reps\sysprog\systemproglabs-master\transportdll\x64\debug\transportdll.tlog\cl.read.1.tlog
c:\users\aerty\onedrive\desktop\reps\sysprog\systemproglabs-master\transportdll\x64\debug\transportdll.tlog\cl.write.1.tlog
c:\users\aerty\onedrive\desktop\reps\sysprog\systemproglabs-master\transportdll\x64\debug\transportdll.tlog\link.command.1.tlog
c:\users\aerty\onedrive\desktop\reps\sysprog\systemproglabs-master\transportdll\x64\debug\transportdll.tlog\link.read.1.tlog
c:\users\aerty\onedrive\desktop\reps\sysprog\systemproglabs-master\transportdll\x64\debug\transportdll.tlog\link.write.1.tlog
c:\users\aerty\onedrive\desktop\reps\sysprog\systemproglabs-master\transportdll\x64\debug\transportdll.tlog\link.write.2u.tlog
c:\users\aerty\onedrive\desktop\reps\sysprog\systemproglabs-master\transportdll\x64\debug\transportdll.tlog\rc.command.1.tlog
c:\users\aerty\onedrive\desktop\reps\sysprog\systemproglabs-master\transportdll\x64\debug\transportdll.tlog\rc.read.1.tlog
c:\users\aerty\onedrive\desktop\reps\sysprog\systemproglabs-master\transportdll\x64\debug\transportdll.tlog\rc.write.1.tlog
