c:\users\aerty\onedrive\desktop\reps\sysprog\aleshko_lab1\aleshko_lab1\aleshkoconsole\x64\debug\aleshkoconsole.pch
c:\users\aerty\onedrive\desktop\reps\sysprog\aleshko_lab1\aleshko_lab1\aleshkoconsole\x64\debug\vc143.pdb
c:\users\aerty\onedrive\desktop\reps\sysprog\aleshko_lab1\aleshko_lab1\aleshkoconsole\x64\debug\vc143.idb
c:\users\aerty\onedrive\desktop\reps\sysprog\aleshko_lab1\aleshko_lab1\aleshkoconsole\x64\debug\pch.obj
c:\users\aerty\onedrive\desktop\reps\sysprog\aleshko_lab1\aleshko_lab1\aleshkoconsole\x64\debug\session.obj
c:\users\aerty\onedrive\desktop\reps\sysprog\aleshko_lab1\aleshko_lab1\aleshkoconsole\x64\debug\aleshkoconsole.obj
c:\users\aerty\onedrive\desktop\reps\sysprog\aleshko_lab1\aleshko_lab1\aleshkoconsole\x64\debug\aleshkoconsole.res
c:\users\aerty\onedrive\desktop\reps\sysprog\aleshko_lab1\aleshko_lab1\x64\debug\aleshkoconsole.pdb
c:\users\aerty\onedrive\desktop\reps\sysprog\aleshko_lab1\aleshko_lab1\aleshkoconsole\x64\debug\aleshkoconsole.tlog\cl.command.1.tlog
c:\users\aerty\onedrive\desktop\reps\sysprog\aleshko_lab1\aleshko_lab1\aleshkoconsole\x64\debug\aleshkoconsole.tlog\cl.read.1.tlog
c:\users\aerty\onedrive\desktop\reps\sysprog\aleshko_lab1\aleshko_lab1\aleshkoconsole\x64\debug\aleshkoconsole.tlog\cl.write.1.tlog
c:\users\aerty\onedrive\desktop\reps\sysprog\aleshko_lab1\aleshko_lab1\aleshkoconsole\x64\debug\aleshkoconsole.tlog\link-cvtres.read.1.tlog
c:\users\aerty\onedrive\desktop\reps\sysprog\aleshko_lab1\aleshko_lab1\aleshkoconsole\x64\debug\aleshkoconsole.tlog\link-cvtres.write.1.tlog
c:\users\aerty\onedrive\desktop\reps\sysprog\aleshko_lab1\aleshko_lab1\aleshkoconsole\x64\debug\aleshkoconsole.tlog\link-mt.read.1.tlog
c:\users\aerty\onedrive\desktop\reps\sysprog\aleshko_lab1\aleshko_lab1\aleshkoconsole\x64\debug\aleshkoconsole.tlog\link-mt.write.1.tlog
c:\users\aerty\onedrive\desktop\reps\sysprog\aleshko_lab1\aleshko_lab1\aleshkoconsole\x64\debug\aleshkoconsole.tlog\link-rc.read.1.tlog
c:\users\aerty\onedrive\desktop\reps\sysprog\aleshko_lab1\aleshko_lab1\aleshkoconsole\x64\debug\aleshkoconsole.tlog\link-rc.write.1.tlog
c:\users\aerty\onedrive\desktop\reps\sysprog\aleshko_lab1\aleshko_lab1\aleshkoconsole\x64\debug\aleshkoconsole.tlog\link.command.1.tlog
c:\users\aerty\onedrive\desktop\reps\sysprog\aleshko_lab1\aleshko_lab1\aleshkoconsole\x64\debug\aleshkoconsole.tlog\link.read.1.tlog
c:\users\aerty\onedrive\desktop\reps\sysprog\aleshko_lab1\aleshko_lab1\aleshkoconsole\x64\debug\aleshkoconsole.tlog\link.read.2.tlog
c:\users\aerty\onedrive\desktop\reps\sysprog\aleshko_lab1\aleshko_lab1\aleshkoconsole\x64\debug\aleshkoconsole.tlog\link.read.3.tlog
c:\users\aerty\onedrive\desktop\reps\sysprog\aleshko_lab1\aleshko_lab1\aleshkoconsole\x64\debug\aleshkoconsole.tlog\link.read.4.tlog
c:\users\aerty\onedrive\desktop\reps\sysprog\aleshko_lab1\aleshko_lab1\aleshkoconsole\x64\debug\aleshkoconsole.tlog\link.read.5.tlog
c:\users\aerty\onedrive\desktop\reps\sysprog\aleshko_lab1\aleshko_lab1\aleshkoconsole\x64\debug\aleshkoconsole.tlog\link.write.1.tlog
c:\users\aerty\onedrive\desktop\reps\sysprog\aleshko_lab1\aleshko_lab1\aleshkoconsole\x64\debug\aleshkoconsole.tlog\rc.command.1.tlog
c:\users\aerty\onedrive\desktop\reps\sysprog\aleshko_lab1\aleshko_lab1\aleshkoconsole\x64\debug\aleshkoconsole.tlog\rc.read.1.tlog
c:\users\aerty\onedrive\desktop\reps\sysprog\aleshko_lab1\aleshko_lab1\aleshkoconsole\x64\debug\aleshkoconsole.tlog\rc.write.1.tlog
