c:\users\aerty\onedrive\desktop\reps\sysprog\systemproglabs-master\aleshkoconsoleapp\x64\debug\aleshkoconsoleapp.pch
c:\users\aerty\onedrive\desktop\reps\sysprog\systemproglabs-master\aleshkoconsoleapp\x64\debug\vc143.pdb
c:\users\aerty\onedrive\desktop\reps\sysprog\systemproglabs-master\aleshkoconsoleapp\x64\debug\vc143.idb
c:\users\aerty\onedrive\desktop\reps\sysprog\systemproglabs-master\aleshkoconsoleapp\x64\debug\pch.obj
c:\users\aerty\onedrive\desktop\reps\sysprog\systemproglabs-master\aleshkoconsoleapp\x64\debug\session.obj
c:\users\aerty\onedrive\desktop\reps\sysprog\systemproglabs-master\aleshkoconsoleapp\x64\debug\aleshkoconsoleapp.obj
c:\users\aerty\onedrive\desktop\reps\sysprog\systemproglabs-master\aleshkoconsoleapp\x64\debug\aleshkoconsoleapp.ilk
c:\users\aerty\onedrive\desktop\reps\sysprog\systemproglabs-master\bin\aleshkoconsoleapp.exe
c:\users\aerty\onedrive\desktop\reps\sysprog\systemproglabs-master\bin\aleshkoconsoleapp.pdb
c:\users\aerty\onedrive\desktop\reps\sysprog\systemproglabs-master\aleshkoconsoleapp\x64\debug\aleshkoconsoleapp.res
c:\users\aerty\onedrive\desktop\reps\sysprog\systemproglabs-master\aleshkoconsoleapp\x64\debug\aleshkoc.4e98e15d.tlog\cl.command.1.tlog
c:\users\aerty\onedrive\desktop\reps\sysprog\systemproglabs-master\aleshkoconsoleapp\x64\debug\aleshkoc.4e98e15d.tlog\cl.items.tlog
c:\users\aerty\onedrive\desktop\reps\sysprog\systemproglabs-master\aleshkoconsoleapp\x64\debug\aleshkoc.4e98e15d.tlog\cl.read.1.tlog
c:\users\aerty\onedrive\desktop\reps\sysprog\systemproglabs-master\aleshkoconsoleapp\x64\debug\aleshkoc.4e98e15d.tlog\cl.write.1.tlog
c:\users\aerty\onedrive\desktop\reps\sysprog\systemproglabs-master\aleshkoconsoleapp\x64\debug\aleshkoc.4e98e15d.tlog\link.command.1.tlog
c:\users\aerty\onedrive\desktop\reps\sysprog\systemproglabs-master\aleshkoconsoleapp\x64\debug\aleshkoc.4e98e15d.tlog\link.read.1.tlog
c:\users\aerty\onedrive\desktop\reps\sysprog\systemproglabs-master\aleshkoconsoleapp\x64\debug\aleshkoc.4e98e15d.tlog\link.write.1.tlog
c:\users\aerty\onedrive\desktop\reps\sysprog\systemproglabs-master\aleshkoconsoleapp\x64\debug\aleshkoc.4e98e15d.tlog\rc.command.1.tlog
c:\users\aerty\onedrive\desktop\reps\sysprog\systemproglabs-master\aleshkoconsoleapp\x64\debug\aleshkoc.4e98e15d.tlog\rc.read.1.tlog
c:\users\aerty\onedrive\desktop\reps\sysprog\systemproglabs-master\aleshkoconsoleapp\x64\debug\aleshkoc.4e98e15d.tlog\rc.write.1.tlog
