c:\users\79277\desktop\ucheba\6 семак\sysprog\aleshko_lab1\aleshko_lab1\transferdll\x64\debug\transferdll.pch
c:\users\79277\desktop\ucheba\6 семак\sysprog\aleshko_lab1\aleshko_lab1\transferdll\x64\debug\vc143.pdb
c:\users\79277\desktop\ucheba\6 семак\sysprog\aleshko_lab1\aleshko_lab1\transferdll\x64\debug\vc143.idb
c:\users\79277\desktop\ucheba\6 семак\sysprog\aleshko_lab1\aleshko_lab1\transferdll\x64\debug\pch.obj
c:\users\79277\desktop\ucheba\6 семак\sysprog\aleshko_lab1\aleshko_lab1\transferdll\x64\debug\transferdll.obj
c:\users\79277\desktop\ucheba\6 семак\sysprog\aleshko_lab1\aleshko_lab1\x64\debug\transferdll.dll
c:\users\79277\desktop\ucheba\6 семак\sysprog\aleshko_lab1\aleshko_lab1\x64\debug\transferdll.pdb
c:\users\79277\desktop\ucheba\6 семак\sysprog\aleshko_lab1\aleshko_lab1\transferdll\x64\debug\transferdll.res
c:\users\79277\desktop\ucheba\6 семак\sysprog\aleshko_lab1\aleshko_lab1\x64\debug\transferdll.lib
c:\users\79277\desktop\ucheba\6 семак\sysprog\aleshko_lab1\aleshko_lab1\x64\debug\transferdll.exp
c:\users\79277\desktop\ucheba\6 семак\sysprog\aleshko_lab1\aleshko_lab1\transferdll\x64\debug\transferdll.ilk
c:\users\79277\desktop\ucheba\6 семак\sysprog\aleshko_lab1\aleshko_lab1\transferdll\x64\debug\transferdll.tlog\cl.command.1.tlog
c:\users\79277\desktop\ucheba\6 семак\sysprog\aleshko_lab1\aleshko_lab1\transferdll\x64\debug\transferdll.tlog\cl.items.tlog
c:\users\79277\desktop\ucheba\6 семак\sysprog\aleshko_lab1\aleshko_lab1\transferdll\x64\debug\transferdll.tlog\cl.read.1.tlog
c:\users\79277\desktop\ucheba\6 семак\sysprog\aleshko_lab1\aleshko_lab1\transferdll\x64\debug\transferdll.tlog\cl.write.1.tlog
c:\users\79277\desktop\ucheba\6 семак\sysprog\aleshko_lab1\aleshko_lab1\transferdll\x64\debug\transferdll.tlog\link.command.1.tlog
c:\users\79277\desktop\ucheba\6 семак\sysprog\aleshko_lab1\aleshko_lab1\transferdll\x64\debug\transferdll.tlog\link.read.1.tlog
c:\users\79277\desktop\ucheba\6 семак\sysprog\aleshko_lab1\aleshko_lab1\transferdll\x64\debug\transferdll.tlog\link.secondary.1.tlog
c:\users\79277\desktop\ucheba\6 семак\sysprog\aleshko_lab1\aleshko_lab1\transferdll\x64\debug\transferdll.tlog\link.write.1.tlog
c:\users\79277\desktop\ucheba\6 семак\sysprog\aleshko_lab1\aleshko_lab1\transferdll\x64\debug\transferdll.tlog\rc.command.1.tlog
c:\users\79277\desktop\ucheba\6 семак\sysprog\aleshko_lab1\aleshko_lab1\transferdll\x64\debug\transferdll.tlog\rc.read.1.tlog
c:\users\79277\desktop\ucheba\6 семак\sysprog\aleshko_lab1\aleshko_lab1\transferdll\x64\debug\transferdll.tlog\rc.write.1.tlog
